TN:
SF:src\App.tsx
FN:1,(empty-report)
FNF:1
FNH:0
FNDA:0,(empty-report)
DA:1,0
DA:2,0
DA:3,0
DA:4,0
DA:5,0
DA:6,0
DA:7,0
DA:8,0
DA:9,0
DA:10,0
DA:11,0
DA:12,0
DA:13,0
DA:14,0
DA:15,0
DA:16,0
DA:17,0
DA:18,0
DA:19,0
DA:20,0
DA:21,0
DA:22,0
DA:23,0
DA:24,0
LF:24
LH:0
BRDA:1,0,0,0
BRF:1
BRH:0
end_of_record
TN:
SF:src\main.tsx
FN:1,(empty-report)
FNF:1
FNH:0
FNDA:0,(empty-report)
DA:1,0
DA:2,0
DA:3,0
DA:4,0
DA:5,0
DA:6,0
DA:7,0
DA:8,0
DA:9,0
DA:10,0
DA:11,0
DA:12,0
DA:13,0
LF:13
LH:0
BRDA:1,0,0,0
BRF:1
BRH:0
end_of_record
TN:
SF:src\components\AddActivity\AddActivity.tsx
FN:18,AddActivity
FN:29,validateForm
FN:48,handleSubmit
FN:77,handleInputChange
FN:94,onChange
FN:106,onChange
FN:118,onChange
FN:131,onChange
FN:143,onChange
FN:155,onChange
FNF:10
FNH:7
FNDA:38,AddActivity
FNDA:3,validateForm
FNDA:3,handleSubmit
FNDA:29,handleInputChange
FNDA:14,onChange
FNDA:4,onChange
FNDA:0,onChange
FNDA:0,onChange
FNDA:11,onChange
FNDA:0,onChange
DA:1,1
DA:2,1
DA:18,1
DA:19,38
DA:20,38
DA:21,38
DA:22,38
DA:23,38
DA:24,38
DA:25,38
DA:26,38
DA:27,38
DA:29,38
DA:30,3
DA:32,3
DA:33,1
DA:34,1
DA:36,3
DA:37,1
DA:38,1
DA:40,3
DA:41,0
DA:42,0
DA:44,3
DA:45,3
DA:46,3
DA:48,38
DA:49,3
DA:51,3
DA:52,2
DA:53,2
DA:54,2
DA:55,2
DA:56,2
DA:57,2
DA:58,2
DA:59,2
DA:60,2
DA:61,2
DA:62,2
DA:65,2
DA:66,2
DA:67,2
DA:68,2
DA:69,2
DA:70,2
DA:71,2
DA:72,2
DA:73,2
DA:74,2
DA:75,3
DA:77,38
DA:78,29
DA:80,29
DA:81,2
DA:82,2
DA:83,29
DA:85,38
DA:86,38
DA:87,38
DA:89,38
DA:90,38
DA:91,38
DA:92,38
DA:93,38
DA:94,38
DA:95,38
DA:96,38
DA:97,38
DA:98,38
DA:99,38
DA:101,38
DA:102,38
DA:103,38
DA:104,38
DA:105,38
DA:106,38
DA:107,38
DA:108,38
DA:109,38
DA:110,38
DA:111,38
DA:112,38
DA:114,38
DA:115,38
DA:116,38
DA:117,38
DA:118,38
DA:119,38
DA:120,38
DA:121,38
DA:122,38
DA:123,38
DA:124,38
DA:126,38
DA:127,38
DA:128,38
DA:129,38
DA:130,38
DA:131,38
DA:132,38
DA:133,38
DA:134,38
DA:135,38
DA:136,38
DA:137,38
DA:139,38
DA:140,38
DA:141,38
DA:142,38
DA:143,38
DA:144,38
DA:145,38
DA:146,38
DA:147,38
DA:148,38
DA:150,38
DA:151,38
DA:152,38
DA:153,38
DA:154,38
DA:155,38
DA:156,38
DA:157,38
DA:158,38
DA:159,38
DA:161,38
DA:162,38
DA:163,38
DA:164,38
DA:166,38
DA:167,38
DA:168,38
DA:170,38
DA:172,1
LF:135
LH:133
BRDA:18,0,0,38
BRDA:95,1,0,1
BRDA:95,2,0,37
BRDA:98,3,0,1
BRDA:105,4,0,23
BRDA:107,5,0,8
BRDA:107,6,0,30
BRDA:111,7,0,8
BRDA:119,8,0,0
BRDA:123,9,0,0
BRDA:166,10,0,2
BRDA:166,11,0,36
BRDA:29,12,0,3
BRDA:32,13,0,1
BRDA:36,14,0,1
BRDA:40,15,0,0
BRDA:48,16,0,3
BRDA:51,17,0,2
BRDA:56,18,0,1
BRDA:59,19,0,2
BRDA:77,20,0,29
BRDA:80,21,0,2
BRDA:78,22,0,29
BRDA:81,23,0,2
BRDA:94,24,0,14
BRDA:106,25,0,4
BRDA:143,26,0,11
BRF:27
BRH:24
end_of_record
TN:
SF:src\components\Layout\Header.tsx
FN:1,(empty-report)
FNF:1
FNH:0
FNDA:0,(empty-report)
DA:1,0
DA:2,0
DA:3,0
DA:4,0
DA:5,0
DA:6,0
DA:7,0
DA:8,0
DA:9,0
DA:10,0
DA:11,0
DA:12,0
DA:13,0
DA:14,0
DA:15,0
DA:16,0
DA:17,0
DA:18,0
DA:19,0
DA:20,0
DA:21,0
DA:22,0
DA:23,0
DA:24,0
DA:25,0
DA:26,0
DA:27,0
DA:28,0
DA:29,0
DA:30,0
DA:31,0
DA:32,0
DA:33,0
DA:34,0
LF:34
LH:0
BRDA:1,0,0,0
BRF:1
BRH:0
end_of_record
TN:
SF:src\components\Settings\SettingsModal.tsx
FN:1,(empty-report)
FNF:1
FNH:0
FNDA:0,(empty-report)
DA:1,0
DA:2,0
DA:3,0
DA:4,0
DA:5,0
DA:6,0
DA:7,0
DA:8,0
DA:9,0
DA:10,0
DA:11,0
DA:12,0
DA:13,0
DA:14,0
DA:15,0
DA:16,0
DA:17,0
DA:18,0
DA:19,0
DA:20,0
DA:21,0
DA:22,0
DA:23,0
DA:24,0
DA:25,0
DA:26,0
DA:27,0
DA:28,0
DA:29,0
DA:30,0
DA:31,0
DA:32,0
DA:33,0
DA:34,0
DA:35,0
DA:36,0
DA:37,0
DA:38,0
DA:39,0
DA:40,0
DA:41,0
DA:42,0
DA:43,0
DA:44,0
DA:45,0
DA:46,0
DA:47,0
DA:48,0
DA:49,0
DA:50,0
DA:51,0
DA:52,0
DA:53,0
LF:53
LH:0
BRDA:1,0,0,0
BRF:1
BRH:0
end_of_record
TN:
SF:src\hooks\useLocalStorage.ts
FN:7,generateId
FN:11,useLocalStorage
FN:18,loadActivities
FN:38,saveActivities
FN:62,addActivity
FN:71,deleteActivity
FN:79,undoDelete
FN:85,editActivity
FN:89,exportJson
FN:91,importJson
FN:105,clearError
FNF:11
FNH:6
FNDA:3,generateId
FNDA:25,useLocalStorage
FNDA:5,loadActivities
FNDA:10,saveActivities
FNDA:3,addActivity
FNDA:2,deleteActivity
FNDA:0,undoDelete
FNDA:0,editActivity
FNDA:0,exportJson
FNDA:0,importJson
FNDA:0,clearError
DA:1,1
DA:4,1
DA:7,1
DA:8,3
DA:9,3
DA:11,1
DA:12,25
DA:13,25
DA:14,25
DA:15,25
DA:18,25
DA:19,5
DA:20,5
DA:21,5
DA:23,1
DA:24,5
DA:25,0
DA:26,0
DA:27,0
DA:29,1
DA:30,2
DA:31,0
DA:32,0
DA:33,0
DA:34,0
DA:35,5
DA:38,25
DA:39,10
DA:40,10
DA:41,10
DA:42,10
DA:43,0
DA:44,0
DA:45,0
DA:46,10
DA:49,25
DA:50,5
DA:51,5
DA:52,5
DA:53,25
DA:56,25
DA:57,15
DA:58,10
DA:59,10
DA:60,25
DA:62,25
DA:63,3
DA:64,3
DA:65,3
DA:66,3
DA:67,3
DA:68,3
DA:69,3
DA:71,25
DA:72,2
DA:73,2
DA:74,2
DA:75,2
DA:76,2
DA:77,2
DA:79,25
DA:80,0
DA:81,0
DA:82,0
DA:83,0
DA:85,25
DA:86,0
DA:87,0
DA:89,25
DA:91,25
DA:92,0
DA:93,0
DA:94,0
DA:95,0
DA:96,0
DA:97,0
DA:98,0
DA:99,0
DA:100,0
DA:101,0
DA:102,0
DA:103,0
DA:105,25
DA:107,25
DA:108,25
DA:109,25
DA:110,25
DA:111,25
DA:112,25
DA:113,25
DA:114,25
DA:115,25
DA:116,25
DA:117,25
DA:118,25
DA:119,25
DA:120,25
LF:97
LH:69
BRDA:7,0,0,3
BRDA:11,1,0,25
BRDA:18,2,0,5
BRDA:21,3,0,4
BRDA:21,4,0,1
BRDA:24,5,0,2
BRDA:24,6,0,0
BRDA:27,7,0,1
BRDA:30,8,0,0
BRDA:38,9,0,10
BRDA:42,10,0,0
BRDA:49,11,0,5
BRDA:56,12,0,15
BRDA:57,13,0,10
BRDA:62,14,0,3
BRDA:68,15,0,3
BRDA:71,16,0,2
BRDA:72,17,0,2
BRDA:73,18,0,0
BRDA:73,19,0,2
BRDA:75,20,0,2
BRF:21
BRH:17
end_of_record
TN:
SF:src\hooks\useSettings.ts
FN:1,(empty-report)
FNF:1
FNH:0
FNDA:0,(empty-report)
DA:1,0
DA:2,0
DA:3,0
DA:4,0
DA:5,0
DA:6,0
DA:7,0
DA:8,0
DA:9,0
DA:10,0
DA:11,0
DA:12,0
DA:13,0
DA:14,0
DA:15,0
DA:16,0
DA:17,0
DA:18,0
DA:19,0
DA:20,0
DA:21,0
DA:22,0
DA:23,0
DA:24,0
DA:25,0
DA:26,0
DA:27,0
DA:28,0
DA:29,0
DA:30,0
DA:31,0
DA:32,0
DA:33,0
DA:34,0
DA:35,0
DA:36,0
DA:37,0
DA:38,0
DA:39,0
DA:40,0
DA:41,0
DA:42,0
DA:43,0
DA:44,0
DA:45,0
DA:46,0
DA:47,0
DA:48,0
DA:49,0
DA:50,0
DA:51,0
DA:52,0
DA:53,0
DA:54,0
DA:55,0
DA:56,0
DA:57,0
DA:58,0
LF:58
LH:0
BRDA:1,0,0,0
BRF:1
BRH:0
end_of_record
TN:
SF:src\pages\Home\Home.tsx
FN:7,Home
FN:41,onClick
FNF:2
FNH:1
FNDA:2,Home
FNDA:0,onClick
DA:1,1
DA:2,1
DA:3,1
DA:4,1
DA:5,1
DA:7,1
DA:8,2
DA:9,2
DA:10,2
DA:12,2
DA:14,2
DA:15,2
DA:16,2
DA:17,2
DA:18,2
DA:19,2
DA:20,2
DA:21,2
DA:23,2
DA:25,2
DA:26,2
DA:27,2
DA:28,2
DA:29,2
DA:30,2
DA:32,2
DA:34,2
DA:35,2
DA:36,2
DA:37,2
DA:38,2
DA:39,2
DA:40,2
DA:41,2
DA:42,2
DA:44,2
DA:45,2
DA:47,2
DA:49,1
LF:39
LH:39
BRDA:7,0,0,2
BRDA:8,1,0,2
BRF:2
BRH:2
end_of_record
TN:
SF:src\pages\Logger\ActivityLogger.tsx
FN:7,ActivityLogger
FN:14,formatDate
FN:77,onClick
FN:78,onClick
FN:88,onChange
FN:96,onChange
FN:105,onChange
FN:106,onChange
FN:112,onChange
FN:116,onChange
FN:117,onChange
FN:175,onClick
FNF:12
FNH:3
FNDA:10,ActivityLogger
FNDA:2,formatDate
FNDA:0,onClick
FNDA:0,onClick
FNDA:0,onChange
FNDA:0,onChange
FNDA:0,onChange
FNDA:0,onChange
FNDA:0,onChange
FNDA:0,onChange
FNDA:0,onChange
FNDA:1,onClick
DA:1,1
DA:2,1
DA:3,1
DA:4,1
DA:5,1
DA:7,1
DA:8,10
DA:9,2
DA:10,10
DA:12,10
DA:14,10
DA:15,2
DA:16,2
DA:17,2
DA:18,2
DA:19,2
DA:20,2
DA:22,10
DA:23,10
DA:24,10
DA:25,10
DA:26,10
DA:28,10
DA:29,6
DA:30,6
DA:31,6
DA:32,0
DA:33,0
DA:34,0
DA:35,0
DA:36,0
DA:37,0
DA:38,0
DA:39,6
DA:40,6
DA:41,6
DA:42,6
DA:43,10
DA:45,10
DA:46,6
DA:47,6
DA:48,1
DA:49,1
DA:50,1
DA:51,6
DA:52,6
DA:53,10
DA:55,10
DA:57,10
DA:58,10
DA:60,10
DA:61,0
DA:62,0
DA:63,0
DA:65,0
DA:66,0
DA:70,10
DA:71,10
DA:72,10
DA:75,10
DA:76,10
DA:77,10
DA:78,10
DA:79,0
DA:80,0
DA:81,0
DA:82,0
DA:83,0
DA:84,0
DA:85,10
DA:86,10
DA:88,10
DA:89,0
DA:90,0
DA:91,0
DA:92,10
DA:93,10
DA:94,10
DA:96,10
DA:97,10
DA:98,10
DA:99,10
DA:100,10
DA:103,10
DA:104,10
DA:105,10
DA:106,10
DA:107,10
DA:108,10
DA:109,2
DA:110,10
DA:111,10
DA:112,10
DA:113,10
DA:114,10
DA:115,10
DA:116,10
DA:117,10
DA:118,10
DA:119,10
DA:122,10
DA:123,10
DA:124,10
DA:125,10
DA:126,10
DA:127,10
DA:128,10
DA:129,10
DA:130,10
DA:131,10
DA:132,10
DA:133,10
DA:134,10
DA:135,10
DA:138,10
DA:139,10
DA:141,10
DA:142,2
DA:143,2
DA:144,2
DA:145,8
DA:146,6
DA:147,6
DA:148,6
DA:149,6
DA:151,2
DA:152,2
DA:153,2
DA:154,2
DA:155,2
DA:156,2
DA:157,2
DA:159,2
DA:160,0
DA:163,2
DA:164,0
DA:165,0
DA:166,0
DA:167,0
DA:168,0
DA:171,2
DA:172,2
DA:173,2
DA:174,2
DA:175,2
DA:176,2
DA:177,2
DA:179,2
DA:180,2
DA:181,2
DA:182,2
DA:183,2
DA:185,10
DA:186,10
DA:188,10
DA:190,1
LF:156
LH:129
BRDA:7,0,0,10
BRDA:60,1,0,0
BRDA:97,2,0,8
BRDA:141,3,0,2
BRDA:144,4,0,8
BRDA:145,5,0,6
BRDA:149,6,0,2
BRDA:8,7,0,2
BRDA:14,8,0,2
BRDA:28,9,0,6
BRDA:30,10,0,0
BRDA:31,11,0,0
BRDA:39,12,0,0
BRDA:40,13,0,0
BRDA:45,14,0,6
BRDA:47,15,0,1
BRDA:52,16,0,1
BRDA:97,17,0,2
BRDA:108,18,0,2
BRDA:108,19,0,2
BRDA:152,20,0,2
BRDA:159,21,0,0
BRDA:163,22,0,0
BRDA:175,23,0,1
BRF:24
BRH:17
end_of_record
TN:
SF:src\types\Activity.ts
FN:1,(empty-report)
FNF:1
FNH:0
FNDA:0,(empty-report)
DA:1,0
DA:2,0
DA:3,0
DA:4,0
DA:5,0
DA:6,0
DA:7,0
DA:8,0
DA:9,0
DA:10,0
DA:11,0
DA:12,0
LF:12
LH:0
BRDA:1,0,0,0
BRF:1
BRH:0
end_of_record
